nohup: ignoring input
[INFO] Scanning for projects...
[INFO] 
[INFO] -------------< com.portalestagios:portal-estagios-backend >-------------
[INFO] Building portal-estagios-backend 0.0.1-SNAPSHOT
[INFO]   from pom.xml
[INFO] --------------------------------[ jar ]---------------------------------
[INFO] 
[INFO] >>> spring-boot:3.2.0:run (default-cli) > test-compile @ portal-estagios-backend >>>
[INFO] 
[INFO] --- resources:3.3.1:resources (default-resources) @ portal-estagios-backend ---
[INFO] Copying 1 resource from src/main/resources to target/classes
[INFO] Copying 0 resource from src/main/resources to target/classes
[INFO] 
[INFO] --- compiler:3.11.0:compile (default-compile) @ portal-estagios-backend ---
[INFO] Nothing to compile - all classes are up to date
[INFO] 
[INFO] --- resources:3.3.1:testResources (default-testResources) @ portal-estagios-backend ---
[INFO] skip non existing resourceDirectory /workspaces/ProjetJPA/backend/src/test/resources
[INFO] 
[INFO] --- compiler:3.11.0:testCompile (default-testCompile) @ portal-estagios-backend ---
[INFO] No sources to compile
[INFO] 
[INFO] <<< spring-boot:3.2.0:run (default-cli) < test-compile @ portal-estagios-backend <<<
[INFO] 
[INFO] 
[INFO] --- spring-boot:3.2.0:run (default-cli) @ portal-estagios-backend ---
[INFO] Attaching agents: []

  .   ____          _            __ _ _
 /\\ / ___'_ __ _ _(_)_ __  __ _ \ \ \ \
( ( )\___ | '_ | '_| | '_ \/ _` | \ \ \ \
 \\/  ___)| |_)| | | | | || (_| |  ) ) ) )
  '  |____| .__|_| |_|_| |_\__, | / / / /
 =========|_|==============|___/=/_/_/_/
 :: Spring Boot ::                (v3.2.0)

2025-11-13T22:18:55.698Z  INFO 161407 --- [           main] c.p.PortalEstagiosApplication            : Starting PortalEstagiosApplication using Java 21.0.7 with PID 161407 (/workspaces/ProjetJPA/backend/target/classes started by codespace in /workspaces/ProjetJPA/backend)
2025-11-13T22:18:55.702Z  INFO 161407 --- [           main] c.p.PortalEstagiosApplication            : No active profile set, falling back to 1 default profile: "default"
2025-11-13T22:18:56.584Z  INFO 161407 --- [           main] .s.d.r.c.RepositoryConfigurationDelegate : Bootstrapping Spring Data JPA repositories in DEFAULT mode.
2025-11-13T22:18:56.646Z  INFO 161407 --- [           main] .s.d.r.c.RepositoryConfigurationDelegate : Finished Spring Data repository scanning in 56 ms. Found 7 JPA repository interfaces.
2025-11-13T22:18:57.121Z  INFO 161407 --- [           main] o.s.b.w.embedded.tomcat.TomcatWebServer  : Tomcat initialized with port 8080 (http)
2025-11-13T22:18:57.128Z  INFO 161407 --- [           main] o.apache.catalina.core.StandardService   : Starting service [Tomcat]
2025-11-13T22:18:57.128Z  INFO 161407 --- [           main] o.apache.catalina.core.StandardEngine    : Starting Servlet engine: [Apache Tomcat/10.1.16]
2025-11-13T22:18:57.175Z  INFO 161407 --- [           main] o.a.c.c.C.[Tomcat].[localhost].[/]       : Initializing Spring embedded WebApplicationContext
2025-11-13T22:18:57.176Z  INFO 161407 --- [           main] w.s.c.ServletWebServerApplicationContext : Root WebApplicationContext: initialization completed in 1401 ms
2025-11-13T22:18:57.280Z  INFO 161407 --- [           main] o.hibernate.jpa.internal.util.LogHelper  : HHH000204: Processing PersistenceUnitInfo [name: default]
2025-11-13T22:18:57.313Z  INFO 161407 --- [           main] org.hibernate.Version                    : HHH000412: Hibernate ORM core version 6.3.1.Final
2025-11-13T22:18:57.334Z  INFO 161407 --- [           main] o.h.c.internal.RegionFactoryInitiator    : HHH000026: Second-level cache disabled
2025-11-13T22:18:57.493Z  INFO 161407 --- [           main] o.s.o.j.p.SpringPersistenceUnitInfo      : No LoadTimeWeaver setup: ignoring JPA class transformer
2025-11-13T22:18:57.518Z  INFO 161407 --- [           main] com.zaxxer.hikari.HikariDataSource       : HikariPool-1 - Starting...
2025-11-13T22:18:57.706Z  INFO 161407 --- [           main] com.zaxxer.hikari.pool.HikariPool        : HikariPool-1 - Added connection org.postgresql.jdbc.PgConnection@7e0986c9
2025-11-13T22:18:57.708Z  INFO 161407 --- [           main] com.zaxxer.hikari.HikariDataSource       : HikariPool-1 - Start completed.
2025-11-13T22:18:57.742Z  WARN 161407 --- [           main] org.hibernate.orm.deprecation            : HHH90000025: PostgreSQLDialect does not need to be specified explicitly using 'hibernate.dialect' (remove the property setting and it will be selected by default)
2025-11-13T22:18:58.743Z  INFO 161407 --- [           main] o.h.e.t.j.p.i.JtaPlatformInitiator       : HHH000489: No JTA platform available (set 'hibernate.transaction.jta.platform' to enable JTA platform integration)
2025-11-13T22:18:58.879Z  INFO 161407 --- [           main] j.LocalContainerEntityManagerFactoryBean : Initialized JPA EntityManagerFactory for persistence unit 'default'
2025-11-13T22:18:59.483Z  INFO 161407 --- [           main] o.s.d.j.r.query.QueryEnhancerFactory     : Hibernate is in classpath; If applicable, HQL parser will be used.
2025-11-13T22:19:00.097Z  WARN 161407 --- [           main] JpaBaseConfiguration$JpaWebConfiguration : spring.jpa.open-in-view is enabled by default. Therefore, database queries may be performed during view rendering. Explicitly configure spring.jpa.open-in-view to disable this warning
2025-11-13T22:19:00.405Z  INFO 161407 --- [           main] o.s.s.web.DefaultSecurityFilterChain     : Will secure any request with [org.springframework.security.web.session.DisableEncodeUrlFilter@589dac96, org.springframework.security.web.context.request.async.WebAsyncManagerIntegrationFilter@792bf78a, org.springframework.security.web.context.SecurityContextHolderFilter@4efb7c99, org.springframework.security.web.header.HeaderWriterFilter@1b32aaca, org.springframework.web.filter.CorsFilter@4e60925d, org.springframework.security.web.authentication.logout.LogoutFilter@1bd97254, com.portalestagios.security.AuthTokenFilter@4d22265c, org.springframework.security.web.savedrequest.RequestCacheAwareFilter@20a3118, org.springframework.security.web.servletapi.SecurityContextHolderAwareRequestFilter@28068327, org.springframework.security.web.authentication.AnonymousAuthenticationFilter@5ed4c87, org.springframework.security.web.session.SessionManagementFilter@2fc698a9, org.springframework.security.web.access.ExceptionTranslationFilter@2640f5ea, org.springframework.security.web.access.intercept.AuthorizationFilter@492d0748]
2025-11-13T22:19:00.698Z  INFO 161407 --- [           main] o.s.b.w.embedded.tomcat.TomcatWebServer  : Tomcat started on port 8080 (http) with context path ''
2025-11-13T22:19:00.709Z  INFO 161407 --- [           main] c.p.PortalEstagiosApplication            : Started PortalEstagiosApplication in 5.423 seconds (process running for 5.719)
2025-11-13T22:19:20.172Z  INFO 161407 --- [nio-8080-exec-1] o.a.c.c.C.[Tomcat].[localhost].[/]       : Initializing Spring DispatcherServlet 'dispatcherServlet'
2025-11-13T22:19:20.172Z  INFO 161407 --- [nio-8080-exec-1] o.s.web.servlet.DispatcherServlet        : Initializing Servlet 'dispatcherServlet'
2025-11-13T22:19:20.174Z  INFO 161407 --- [nio-8080-exec-1] o.s.web.servlet.DispatcherServlet        : Completed initialization in 1 ms
2025-11-13T22:19:20.190Z  WARN 161407 --- [nio-8080-exec-1] o.s.w.s.h.HandlerMappingIntrospector     : Cache miss for REQUEST dispatch to '/' (previous null). Performing CorsConfiguration lookup. This is logged once only at WARN level, and every time at TRACE.
2025-11-13T22:19:20.201Z  WARN 161407 --- [nio-8080-exec-1] o.s.w.s.h.HandlerMappingIntrospector     : Cache miss for REQUEST dispatch to '/' (previous null). Performing MatchableHandlerMapping lookup. This is logged once only at WARN level, and every time at TRACE.
